geckodriver: error: Found argument '--websocket-port' which wasn't expected, or isn't valid in this context

USAGE:
    geckodriver [FLAGS] [OPTIONS]

For more information try --help

/Users/tmt0947/Downloads/geckodriver: error: Found argument '--websocket-port' which wasn't expected, or isn't valid in this context

USAGE:
    geckodriver [FLAGS] [OPTIONS]

For more information try --help

/Users/tmt0947/Downloads/geckodriver: error: Found argument '--websocket-port' which wasn't expected, or isn't valid in this context

USAGE:
    geckodriver [FLAGS] [OPTIONS]

For more information try --help

/Users/tmt0947/Development/workspaces/geckodriver: error: Found argument '--websocket-port' which wasn't expected, or isn't valid in this context

USAGE:
    geckodriver [FLAGS] [OPTIONS]

For more information try --help

/Users/tmt0947/Development/workspaces/geckodriver: error: Found argument '--websocket-port' which wasn't expected, or isn't valid in this context

USAGE:
    geckodriver [FLAGS] [OPTIONS]

For more information try --help

1638017914431	geckodriver	INFO	Listening on 127.0.0.1:51535
1638017914949	mozrunner::runner	INFO	Running command: "/Applications/Firefox.app/Contents/MacOS/firefox-bin" "--marionette" "--remote-debugging-port" "51536" "-foreground" "-no-remote" "-profile" "/var/folders/_n/0hj94s5x5c3bmfv9_8sfmm540000gp/T/rust_mozprofileH1PYzo"
1638017915546	Marionette	INFO	Marionette enabled
console.warn: SearchSettings: "get: No settings file exists, new profile?" (new NotFoundError("Could not open the file at /var/folders/_n/0hj94s5x5c3bmfv9_8sfmm540000gp/T/rust_mozprofileH1PYzo/search.json.mozlz4", (void 0)))
console.error: BackgroundUpdate: 
  _reasonsToNotScheduleUpdates: Failed to check for Maintenance Service Registry Key: [Exception... "Component returned failure code: 0x80004001 (NS_ERROR_NOT_IMPLEMENTED) [nsIUpdateProcessor.getServiceRegKeyExists]"  nsresult: "0x80004001 (NS_ERROR_NOT_IMPLEMENTED)"  location: "JS frame :: resource://gre/modules/BackgroundUpdate.jsm :: _reasonsToNotScheduleUpdates :: line 243"  data: no]
DevTools listening on ws://localhost:51536/devtools/browser/92316f7b-0ff2-3a42-bbcd-938edafa92cd
1638017917671	Marionette	INFO	Listening on port 51541
1638017917724	RemoteAgent	WARN	TLS certificate errors will be ignored for this session
1638017922255	Marionette	INFO	Stopped listening on port 51541

###!!! [Child][RunMessage] Error: Channel closing: too late to send/recv, messages will be lost


###!!! [Parent][RunMessage] Error: Channel closing: too late to send/recv, messages will be lost

1638018241764	geckodriver	INFO	Listening on 127.0.0.1:52258
1638018242276	mozrunner::runner	INFO	Running command: "/Applications/Firefox.app/Contents/MacOS/firefox-bin" "--marionette" "--remote-debugging-port" "52259" "-foreground" "-no-remote" "-profile" "/var/folders/_n/0hj94s5x5c3bmfv9_8sfmm540000gp/T/rust_mozprofileLH2yqY"
1638018242777	Marionette	INFO	Marionette enabled
console.warn: SearchSettings: "get: No settings file exists, new profile?" (new NotFoundError("Could not open the file at /var/folders/_n/0hj94s5x5c3bmfv9_8sfmm540000gp/T/rust_mozprofileLH2yqY/search.json.mozlz4", (void 0)))
console.error: BackgroundUpdate: 
  _reasonsToNotScheduleUpdates: Failed to check for Maintenance Service Registry Key: [Exception... "Component returned failure code: 0x80004001 (NS_ERROR_NOT_IMPLEMENTED) [nsIUpdateProcessor.getServiceRegKeyExists]"  nsresult: "0x80004001 (NS_ERROR_NOT_IMPLEMENTED)"  location: "JS frame :: resource://gre/modules/BackgroundUpdate.jsm :: _reasonsToNotScheduleUpdates :: line 243"  data: no]
DevTools listening on ws://localhost:52259/devtools/browser/16acb441-05a7-e84d-a6eb-6f5e2d79b122
1638018244618	Marionette	INFO	Listening on port 52264
1638018244737	RemoteAgent	WARN	TLS certificate errors will be ignored for this session
1638018249127	Marionette	INFO	Stopped listening on port 52264

###!!! [Parent][RunMessage] Error: Channel closing: too late to send/recv, messages will be lost

1638018280407	geckodriver	INFO	Listening on 127.0.0.1:52434
1638018280927	mozrunner::runner	INFO	Running command: "/Applications/Firefox.app/Contents/MacOS/firefox-bin" "--marionette" "--remote-debugging-port" "52435" "-foreground" "-no-remote" "-profile" "/var/folders/_n/0hj94s5x5c3bmfv9_8sfmm540000gp/T/rust_mozprofilencKZZN"
1638018281527	Marionette	INFO	Marionette enabled
console.warn: SearchSettings: "get: No settings file exists, new profile?" (new NotFoundError("Could not open the file at /var/folders/_n/0hj94s5x5c3bmfv9_8sfmm540000gp/T/rust_mozprofilencKZZN/search.json.mozlz4", (void 0)))
console.error: BackgroundUpdate: 
  _reasonsToNotScheduleUpdates: Failed to check for Maintenance Service Registry Key: [Exception... "Component returned failure code: 0x80004001 (NS_ERROR_NOT_IMPLEMENTED) [nsIUpdateProcessor.getServiceRegKeyExists]"  nsresult: "0x80004001 (NS_ERROR_NOT_IMPLEMENTED)"  location: "JS frame :: resource://gre/modules/BackgroundUpdate.jsm :: _reasonsToNotScheduleUpdates :: line 243"  data: no]
DevTools listening on ws://localhost:52435/devtools/browser/d0f65c1f-ec42-4a4e-b58e-b1b8681ba77f
1638018283491	Marionette	INFO	Listening on port 52440
1638018283595	RemoteAgent	WARN	TLS certificate errors will be ignored for this session
1638018290113	Marionette	INFO	Stopped listening on port 52440

###!!! [Parent][RunMessage] Error: Channel closing: too late to send/recv, messages will be lost

1638018315422	geckodriver	INFO	Listening on 127.0.0.1:52692
1638018315940	mozrunner::runner	INFO	Running command: "/Applications/Firefox.app/Contents/MacOS/firefox-bin" "--marionette" "--remote-debugging-port" "52693" "-foreground" "-no-remote" "-profile" "/var/folders/_n/0hj94s5x5c3bmfv9_8sfmm540000gp/T/rust_mozprofilefxm4ZE"
1638018316485	Marionette	INFO	Marionette enabled
console.warn: SearchSettings: "get: No settings file exists, new profile?" (new NotFoundError("Could not open the file at /var/folders/_n/0hj94s5x5c3bmfv9_8sfmm540000gp/T/rust_mozprofilefxm4ZE/search.json.mozlz4", (void 0)))
console.error: BackgroundUpdate: 
  _reasonsToNotScheduleUpdates: Failed to check for Maintenance Service Registry Key: [Exception... "Component returned failure code: 0x80004001 (NS_ERROR_NOT_IMPLEMENTED) [nsIUpdateProcessor.getServiceRegKeyExists]"  nsresult: "0x80004001 (NS_ERROR_NOT_IMPLEMENTED)"  location: "JS frame :: resource://gre/modules/BackgroundUpdate.jsm :: _reasonsToNotScheduleUpdates :: line 243"  data: no]
DevTools listening on ws://localhost:52693/devtools/browser/66b2fd8d-f26a-4b49-ab65-ef9cee2aaf72
1638018318456	Marionette	INFO	Listening on port 52698
1638018318522	RemoteAgent	WARN	TLS certificate errors will be ignored for this session
1638018326714	Marionette	INFO	Stopped listening on port 52698

###!!! [Parent][RunMessage] Error: Channel closing: too late to send/recv, messages will be lost

1638018420865	geckodriver	INFO	Listening on 127.0.0.1:53107
1638018421386	mozrunner::runner	INFO	Running command: "/Applications/Firefox.app/Contents/MacOS/firefox-bin" "--marionette" "-headless" "--remote-debugging-port" "53108" "-foreground" "-no-remote" "-profile" "/var/folders/_n/0hj94s5x5c3bmfv9_8sfmm540000gp/T/rust_mozprofileHMC3wy"
*** You are running in headless mode.
1638018421791	Marionette	INFO	Marionette enabled
[GFX1-]: RenderCompositorSWGL failed mapping default framebuffer, no dt
console.warn: SearchSettings: "get: No settings file exists, new profile?" (new NotFoundError("Could not open the file at /var/folders/_n/0hj94s5x5c3bmfv9_8sfmm540000gp/T/rust_mozprofileHMC3wy/search.json.mozlz4", (void 0)))
console.error: BackgroundUpdate: 
  _reasonsToNotScheduleUpdates: Failed to check for Maintenance Service Registry Key: [Exception... "Component returned failure code: 0x80004001 (NS_ERROR_NOT_IMPLEMENTED) [nsIUpdateProcessor.getServiceRegKeyExists]"  nsresult: "0x80004001 (NS_ERROR_NOT_IMPLEMENTED)"  location: "JS frame :: resource://gre/modules/BackgroundUpdate.jsm :: _reasonsToNotScheduleUpdates :: line 243"  data: no]
DevTools listening on ws://localhost:53108/devtools/browser/a94166df-1c6b-674e-a473-bd829413c915
1638018423518	Marionette	INFO	Listening on port 53115
1638018423556	RemoteAgent	WARN	TLS certificate errors will be ignored for this session
1638018430393	Marionette	INFO	Stopped listening on port 53115

###!!! [Parent][RunMessage] Error: Channel closing: too late to send/recv, messages will be lost

1638018641301	geckodriver	INFO	Listening on 127.0.0.1:53601
1638018641800	mozrunner::runner	INFO	Running command: "/Applications/Firefox.app/Contents/MacOS/firefox-bin" "--marionette" "-headless" "--remote-debugging-port" "53602" "-foreground" "-no-remote" "-profile" "/var/folders/_n/0hj94s5x5c3bmfv9_8sfmm540000gp/T/rust_mozprofilemnMATE"
*** You are running in headless mode.
1638018642189	Marionette	INFO	Marionette enabled
[GFX1-]: RenderCompositorSWGL failed mapping default framebuffer, no dt
console.warn: SearchSettings: "get: No settings file exists, new profile?" (new NotFoundError("Could not open the file at /var/folders/_n/0hj94s5x5c3bmfv9_8sfmm540000gp/T/rust_mozprofilemnMATE/search.json.mozlz4", (void 0)))
console.error: BackgroundUpdate: 
  _reasonsToNotScheduleUpdates: Failed to check for Maintenance Service Registry Key: [Exception... "Component returned failure code: 0x80004001 (NS_ERROR_NOT_IMPLEMENTED) [nsIUpdateProcessor.getServiceRegKeyExists]"  nsresult: "0x80004001 (NS_ERROR_NOT_IMPLEMENTED)"  location: "JS frame :: resource://gre/modules/BackgroundUpdate.jsm :: _reasonsToNotScheduleUpdates :: line 243"  data: no]
DevTools listening on ws://localhost:53602/devtools/browser/9c02e490-9587-e244-bf7b-c4196c159916
1638018643836	Marionette	INFO	Listening on port 53615
1638018643878	RemoteAgent	WARN	TLS certificate errors will be ignored for this session
1638018708236	Marionette	INFO	Stopped listening on port 53615

###!!! [Parent][RunMessage] Error: Channel closing: too late to send/recv, messages will be lost

1638019073670	geckodriver	INFO	Listening on 127.0.0.1:54368
1638019073998	mozrunner::runner	INFO	Running command: "/Applications/Firefox.app/Contents/MacOS/firefox-bin" "--marionette" "start-maximized" "--remote-debugging-port" "54369" "-foreground" "-no-remote" "-profile" "/var/folders/_n/0hj94s5x5c3bmfv9_8sfmm540000gp/T/rust_mozprofileItGK7o"
1638019074601	Marionette	INFO	Marionette enabled
console.warn: SearchSettings: "get: No settings file exists, new profile?" (new NotFoundError("Could not open the file at /var/folders/_n/0hj94s5x5c3bmfv9_8sfmm540000gp/T/rust_mozprofileItGK7o/search.json.mozlz4", (void 0)))
console.error: BackgroundUpdate: 
  _reasonsToNotScheduleUpdates: Failed to check for Maintenance Service Registry Key: [Exception... "Component returned failure code: 0x80004001 (NS_ERROR_NOT_IMPLEMENTED) [nsIUpdateProcessor.getServiceRegKeyExists]"  nsresult: "0x80004001 (NS_ERROR_NOT_IMPLEMENTED)"  location: "JS frame :: resource://gre/modules/BackgroundUpdate.jsm :: _reasonsToNotScheduleUpdates :: line 243"  data: no]
DevTools listening on ws://localhost:54369/devtools/browser/26e93148-fed2-6442-8f41-00eb45ffc573
1638019076485	Marionette	INFO	Listening on port 54377
1638019076587	RemoteAgent	WARN	TLS certificate errors will be ignored for this session
1638019085047	Marionette	INFO	Stopped listening on port 54377

###!!! [Parent][RunMessage] Error: Channel closing: too late to send/recv, messages will be lost

1638019143180	geckodriver	INFO	Listening on 127.0.0.1:54647
1638019143698	mozrunner::runner	INFO	Running command: "/Applications/Firefox.app/Contents/MacOS/firefox-bin" "--marionette" "--headless" "--remote-debugging-port" "54648" "-foreground" "-no-remote" "-profile" "/var/folders/_n/0hj94s5x5c3bmfv9_8sfmm540000gp/T/rust_mozprofileDmdwY8"
*** You are running in headless mode.
1638019144023	Marionette	INFO	Marionette enabled
[GFX1-]: RenderCompositorSWGL failed mapping default framebuffer, no dt
console.warn: SearchSettings: "get: No settings file exists, new profile?" (new NotFoundError("Could not open the file at /var/folders/_n/0hj94s5x5c3bmfv9_8sfmm540000gp/T/rust_mozprofileDmdwY8/search.json.mozlz4", (void 0)))
console.error: BackgroundUpdate: 
  _reasonsToNotScheduleUpdates: Failed to check for Maintenance Service Registry Key: [Exception... "Component returned failure code: 0x80004001 (NS_ERROR_NOT_IMPLEMENTED) [nsIUpdateProcessor.getServiceRegKeyExists]"  nsresult: "0x80004001 (NS_ERROR_NOT_IMPLEMENTED)"  location: "JS frame :: resource://gre/modules/BackgroundUpdate.jsm :: _reasonsToNotScheduleUpdates :: line 243"  data: no]
DevTools listening on ws://localhost:54648/devtools/browser/3bdcf132-e149-4648-9803-6961bec62c08
1638019145474	Marionette	INFO	Listening on port 54653
1638019145560	RemoteAgent	WARN	TLS certificate errors will be ignored for this session
1638019151049	Marionette	INFO	Stopped listening on port 54653
1638019172558	geckodriver	INFO	Listening on 127.0.0.1:54838
1638019173078	mozrunner::runner	INFO	Running command: "/Applications/Firefox.app/Contents/MacOS/firefox-bin" "--marionette" "--headless" "--remote-debugging-port" "54839" "-foreground" "-no-remote" "-profile" "/var/folders/_n/0hj94s5x5c3bmfv9_8sfmm540000gp/T/rust_mozprofileRxAOMz"
*** You are running in headless mode.
1638019173434	Marionette	INFO	Marionette enabled
[GFX1-]: RenderCompositorSWGL failed mapping default framebuffer, no dt
console.warn: SearchSettings: "get: No settings file exists, new profile?" (new NotFoundError("Could not open the file at /var/folders/_n/0hj94s5x5c3bmfv9_8sfmm540000gp/T/rust_mozprofileRxAOMz/search.json.mozlz4", (void 0)))
console.error: BackgroundUpdate: 
  _reasonsToNotScheduleUpdates: Failed to check for Maintenance Service Registry Key: [Exception... "Component returned failure code: 0x80004001 (NS_ERROR_NOT_IMPLEMENTED) [nsIUpdateProcessor.getServiceRegKeyExists]"  nsresult: "0x80004001 (NS_ERROR_NOT_IMPLEMENTED)"  location: "JS frame :: resource://gre/modules/BackgroundUpdate.jsm :: _reasonsToNotScheduleUpdates :: line 243"  data: no]
DevTools listening on ws://localhost:54839/devtools/browser/eb48c2ac-5f10-3d42-b0ed-9e72d4f8968f
1638019174811	Marionette	INFO	Listening on port 54844
1638019174932	RemoteAgent	WARN	TLS certificate errors will be ignored for this session
1638019183029	Marionette	INFO	Stopped listening on port 54844

###!!! [Parent][RunMessage] Error: Channel closing: too late to send/recv, messages will be lost

1638019205355	geckodriver	INFO	Listening on 127.0.0.1:55025
1638019205874	mozrunner::runner	INFO	Running command: "/Applications/Firefox.app/Contents/MacOS/firefox-bin" "--marionette" "-headless" "--remote-debugging-port" "55026" "-foreground" "-no-remote" "-profile" "/var/folders/_n/0hj94s5x5c3bmfv9_8sfmm540000gp/T/rust_mozprofileqfmFeK"
*** You are running in headless mode.
1638019206229	Marionette	INFO	Marionette enabled
[GFX1-]: RenderCompositorSWGL failed mapping default framebuffer, no dt
console.warn: SearchSettings: "get: No settings file exists, new profile?" (new NotFoundError("Could not open the file at /var/folders/_n/0hj94s5x5c3bmfv9_8sfmm540000gp/T/rust_mozprofileqfmFeK/search.json.mozlz4", (void 0)))
console.error: BackgroundUpdate: 
  _reasonsToNotScheduleUpdates: Failed to check for Maintenance Service Registry Key: [Exception... "Component returned failure code: 0x80004001 (NS_ERROR_NOT_IMPLEMENTED) [nsIUpdateProcessor.getServiceRegKeyExists]"  nsresult: "0x80004001 (NS_ERROR_NOT_IMPLEMENTED)"  location: "JS frame :: resource://gre/modules/BackgroundUpdate.jsm :: _reasonsToNotScheduleUpdates :: line 243"  data: no]
DevTools listening on ws://localhost:55026/devtools/browser/07111cd1-2b5b-094f-af78-4e49893180e3
1638019207707	Marionette	INFO	Listening on port 55031
1638019207731	RemoteAgent	WARN	TLS certificate errors will be ignored for this session
1638019266600	Marionette	INFO	Stopped listening on port 55031

###!!! [Parent][RunMessage] Error: Channel closing: too late to send/recv, messages will be lost

1638019539989	geckodriver	INFO	Listening on 127.0.0.1:55948
1638019540506	mozrunner::runner	INFO	Running command: "/Applications/Firefox.app/Contents/MacOS/firefox-bin" "--marionette" "-headless" "--remote-debugging-port" "55949" "-foreground" "-no-remote" "-profile" "/var/folders/_n/0hj94s5x5c3bmfv9_8sfmm540000gp/T/rust_mozprofile3Gp1EG"
*** You are running in headless mode.
1638019540831	Marionette	INFO	Marionette enabled
[GFX1-]: RenderCompositorSWGL failed mapping default framebuffer, no dt
console.warn: SearchSettings: "get: No settings file exists, new profile?" (new NotFoundError("Could not open the file at /var/folders/_n/0hj94s5x5c3bmfv9_8sfmm540000gp/T/rust_mozprofile3Gp1EG/search.json.mozlz4", (void 0)))
console.error: BackgroundUpdate: 
  _reasonsToNotScheduleUpdates: Failed to check for Maintenance Service Registry Key: [Exception... "Component returned failure code: 0x80004001 (NS_ERROR_NOT_IMPLEMENTED) [nsIUpdateProcessor.getServiceRegKeyExists]"  nsresult: "0x80004001 (NS_ERROR_NOT_IMPLEMENTED)"  location: "JS frame :: resource://gre/modules/BackgroundUpdate.jsm :: _reasonsToNotScheduleUpdates :: line 243"  data: no]
DevTools listening on ws://localhost:55949/devtools/browser/ec20b877-53db-2d40-8058-c79604bee617
1638019542380	Marionette	INFO	Listening on port 55954
1638019542462	RemoteAgent	WARN	TLS certificate errors will be ignored for this session
1638019549936	Marionette	INFO	Stopped listening on port 55954
1638019553854	geckodriver	INFO	Listening on 127.0.0.1:56112
1638019554376	mozrunner::runner	INFO	Running command: "/Applications/Firefox.app/Contents/MacOS/firefox-bin" "--marionette" "-headless" "--remote-debugging-port" "56113" "-foreground" "-no-remote" "-profile" "/var/folders/_n/0hj94s5x5c3bmfv9_8sfmm540000gp/T/rust_mozprofilesk4mvF"
*** You are running in headless mode.
1638019554730	Marionette	INFO	Marionette enabled
[GFX1-]: RenderCompositorSWGL failed mapping default framebuffer, no dt
console.warn: SearchSettings: "get: No settings file exists, new profile?" (new NotFoundError("Could not open the file at /var/folders/_n/0hj94s5x5c3bmfv9_8sfmm540000gp/T/rust_mozprofilesk4mvF/search.json.mozlz4", (void 0)))
console.error: BackgroundUpdate: 
  _reasonsToNotScheduleUpdates: Failed to check for Maintenance Service Registry Key: [Exception... "Component returned failure code: 0x80004001 (NS_ERROR_NOT_IMPLEMENTED) [nsIUpdateProcessor.getServiceRegKeyExists]"  nsresult: "0x80004001 (NS_ERROR_NOT_IMPLEMENTED)"  location: "JS frame :: resource://gre/modules/BackgroundUpdate.jsm :: _reasonsToNotScheduleUpdates :: line 243"  data: no]
DevTools listening on ws://localhost:56113/devtools/browser/e708bbc9-a548-2946-85a7-f085d54790a3
1638019556194	Marionette	INFO	Listening on port 56122
1638019556233	RemoteAgent	WARN	TLS certificate errors will be ignored for this session
1638019564007	Marionette	INFO	Stopped listening on port 56122
1638019566218	geckodriver	INFO	Listening on 127.0.0.1:56276
1638019566737	mozrunner::runner	INFO	Running command: "/Applications/Firefox.app/Contents/MacOS/firefox-bin" "--marionette" "--remote-debugging-port" "56277" "-foreground" "-no-remote" "-profile" "/var/folders/_n/0hj94s5x5c3bmfv9_8sfmm540000gp/T/rust_mozprofileIQU5Lr"
1638019567221	Marionette	INFO	Marionette enabled
console.warn: SearchSettings: "get: No settings file exists, new profile?" (new NotFoundError("Could not open the file at /var/folders/_n/0hj94s5x5c3bmfv9_8sfmm540000gp/T/rust_mozprofileIQU5Lr/search.json.mozlz4", (void 0)))
console.error: BackgroundUpdate: 
  _reasonsToNotScheduleUpdates: Failed to check for Maintenance Service Registry Key: [Exception... "Component returned failure code: 0x80004001 (NS_ERROR_NOT_IMPLEMENTED) [nsIUpdateProcessor.getServiceRegKeyExists]"  nsresult: "0x80004001 (NS_ERROR_NOT_IMPLEMENTED)"  location: "JS frame :: resource://gre/modules/BackgroundUpdate.jsm :: _reasonsToNotScheduleUpdates :: line 243"  data: no]
DevTools listening on ws://localhost:56277/devtools/browser/2a408cfb-1bde-334a-8627-c90947667923
1638019569156	Marionette	INFO	Listening on port 56282
1638019569211	RemoteAgent	WARN	TLS certificate errors will be ignored for this session
1638019576312	Marionette	INFO	Stopped listening on port 56282

###!!! [Parent][RunMessage] Error: Channel closing: too late to send/recv, messages will be lost

1638019659448	geckodriver	INFO	Listening on 127.0.0.1:56749
1638019659955	mozrunner::runner	INFO	Running command: "/Applications/Firefox.app/Contents/MacOS/firefox-bin" "--marionette" "-headless" "--remote-debugging-port" "56750" "-foreground" "-no-remote" "-profile" "/var/folders/_n/0hj94s5x5c3bmfv9_8sfmm540000gp/T/rust_mozprofilebNyLJM"
*** You are running in headless mode.
1638019660296	Marionette	INFO	Marionette enabled
[GFX1-]: RenderCompositorSWGL failed mapping default framebuffer, no dt
console.warn: SearchSettings: "get: No settings file exists, new profile?" (new NotFoundError("Could not open the file at /var/folders/_n/0hj94s5x5c3bmfv9_8sfmm540000gp/T/rust_mozprofilebNyLJM/search.json.mozlz4", (void 0)))
console.error: BackgroundUpdate: 
  _reasonsToNotScheduleUpdates: Failed to check for Maintenance Service Registry Key: [Exception... "Component returned failure code: 0x80004001 (NS_ERROR_NOT_IMPLEMENTED) [nsIUpdateProcessor.getServiceRegKeyExists]"  nsresult: "0x80004001 (NS_ERROR_NOT_IMPLEMENTED)"  location: "JS frame :: resource://gre/modules/BackgroundUpdate.jsm :: _reasonsToNotScheduleUpdates :: line 243"  data: no]
DevTools listening on ws://localhost:56750/devtools/browser/8a61419e-22d7-e444-a32e-61b89f47446c
1638019661690	Marionette	INFO	Listening on port 56759
1638019661821	RemoteAgent	WARN	TLS certificate errors will be ignored for this session
1638019673065	Marionette	INFO	Stopped listening on port 56759
1638019681651	geckodriver	INFO	Listening on 127.0.0.1:56935
1638019682167	mozrunner::runner	INFO	Running command: "/Applications/Firefox.app/Contents/MacOS/firefox-bin" "--marionette" "-headless" "--remote-debugging-port" "56936" "-foreground" "-no-remote" "-profile" "/var/folders/_n/0hj94s5x5c3bmfv9_8sfmm540000gp/T/rust_mozprofileH6uvSR"
*** You are running in headless mode.
1638019682571	Marionette	INFO	Marionette enabled
[GFX1-]: RenderCompositorSWGL failed mapping default framebuffer, no dt
console.warn: SearchSettings: "get: No settings file exists, new profile?" (new NotFoundError("Could not open the file at /var/folders/_n/0hj94s5x5c3bmfv9_8sfmm540000gp/T/rust_mozprofileH6uvSR/search.json.mozlz4", (void 0)))
console.error: BackgroundUpdate: 
  _reasonsToNotScheduleUpdates: Failed to check for Maintenance Service Registry Key: [Exception... "Component returned failure code: 0x80004001 (NS_ERROR_NOT_IMPLEMENTED) [nsIUpdateProcessor.getServiceRegKeyExists]"  nsresult: "0x80004001 (NS_ERROR_NOT_IMPLEMENTED)"  location: "JS frame :: resource://gre/modules/BackgroundUpdate.jsm :: _reasonsToNotScheduleUpdates :: line 243"  data: no]
DevTools listening on ws://localhost:56936/devtools/browser/c8ada2d7-c6b6-e84e-a647-9cba3ec1dda6
1638019684464	Marionette	INFO	Listening on port 56945
1638019684571	RemoteAgent	WARN	TLS certificate errors will be ignored for this session
1638019695297	Marionette	INFO	Stopped listening on port 56945
1638019931443	geckodriver	INFO	Listening on 127.0.0.1:57485
1638019931961	mozrunner::runner	INFO	Running command: "/Applications/Firefox.app/Contents/MacOS/firefox-bin" "--marionette" "-headless" "--remote-debugging-port" "57486" "-foreground" "-no-remote" "-profile" "/var/folders/_n/0hj94s5x5c3bmfv9_8sfmm540000gp/T/rust_mozprofileTC58jf"
*** You are running in headless mode.
1638019932361	Marionette	INFO	Marionette enabled
[GFX1-]: RenderCompositorSWGL failed mapping default framebuffer, no dt
console.warn: SearchSettings: "get: No settings file exists, new profile?" (new NotFoundError("Could not open the file at /var/folders/_n/0hj94s5x5c3bmfv9_8sfmm540000gp/T/rust_mozprofileTC58jf/search.json.mozlz4", (void 0)))
console.error: BackgroundUpdate: 
  _reasonsToNotScheduleUpdates: Failed to check for Maintenance Service Registry Key: [Exception... "Component returned failure code: 0x80004001 (NS_ERROR_NOT_IMPLEMENTED) [nsIUpdateProcessor.getServiceRegKeyExists]"  nsresult: "0x80004001 (NS_ERROR_NOT_IMPLEMENTED)"  location: "JS frame :: resource://gre/modules/BackgroundUpdate.jsm :: _reasonsToNotScheduleUpdates :: line 243"  data: no]
DevTools listening on ws://localhost:57486/devtools/browser/3fc0e8b0-6d05-1c4f-82ad-5f38412b5ff9
1638019933558	Marionette	INFO	Listening on port 57495
1638019933604	RemoteAgent	WARN	TLS certificate errors will be ignored for this session
1638019942990	Marionette	INFO	Stopped listening on port 57495
1638019955172	geckodriver	INFO	Listening on 127.0.0.1:57678
1638019955696	mozrunner::runner	INFO	Running command: "/Applications/Firefox.app/Contents/MacOS/firefox-bin" "--marionette" "-headless" "--remote-debugging-port" "57679" "-foreground" "-no-remote" "-profile" "/var/folders/_n/0hj94s5x5c3bmfv9_8sfmm540000gp/T/rust_mozprofilelIn1zI"
*** You are running in headless mode.
1638019956039	Marionette	INFO	Marionette enabled
[GFX1-]: RenderCompositorSWGL failed mapping default framebuffer, no dt
console.warn: SearchSettings: "get: No settings file exists, new profile?" (new NotFoundError("Could not open the file at /var/folders/_n/0hj94s5x5c3bmfv9_8sfmm540000gp/T/rust_mozprofilelIn1zI/search.json.mozlz4", (void 0)))
console.error: BackgroundUpdate: 
  _reasonsToNotScheduleUpdates: Failed to check for Maintenance Service Registry Key: [Exception... "Component returned failure code: 0x80004001 (NS_ERROR_NOT_IMPLEMENTED) [nsIUpdateProcessor.getServiceRegKeyExists]"  nsresult: "0x80004001 (NS_ERROR_NOT_IMPLEMENTED)"  location: "JS frame :: resource://gre/modules/BackgroundUpdate.jsm :: _reasonsToNotScheduleUpdates :: line 243"  data: no]
DevTools listening on ws://localhost:57679/devtools/browser/1fc897c9-8525-bb46-bf8f-375c4abb5a78
1638019957503	Marionette	INFO	Listening on port 57684
1638019957569	RemoteAgent	WARN	TLS certificate errors will be ignored for this session
1638019967382	Marionette	INFO	Stopped listening on port 57684

###!!! [Parent][RunMessage] Error: Channel closing: too late to send/recv, messages will be lost

1638083566673	geckodriver	INFO	Listening on 127.0.0.1:50907
1638083566751	mozrunner::runner	INFO	Running command: "/Applications/Firefox.app/Contents/MacOS/firefox-bin" "--marionette" "-headless" "--remote-debugging-port" "50908" "-foreground" "-no-remote" "-profile" "/var/folders/_n/0hj94s5x5c3bmfv9_8sfmm540000gp/T/rust_mozprofile52KAJ1"
*** You are running in headless mode.
1638083567274	Marionette	INFO	Marionette enabled
[GFX1-]: RenderCompositorSWGL failed mapping default framebuffer, no dt
console.warn: SearchSettings: "get: No settings file exists, new profile?" (new NotFoundError("Could not open the file at /var/folders/_n/0hj94s5x5c3bmfv9_8sfmm540000gp/T/rust_mozprofile52KAJ1/search.json.mozlz4", (void 0)))
console.error: BackgroundUpdate: 
  _reasonsToNotScheduleUpdates: Failed to check for Maintenance Service Registry Key: [Exception... "Component returned failure code: 0x80004001 (NS_ERROR_NOT_IMPLEMENTED) [nsIUpdateProcessor.getServiceRegKeyExists]"  nsresult: "0x80004001 (NS_ERROR_NOT_IMPLEMENTED)"  location: "JS frame :: resource://gre/modules/BackgroundUpdate.jsm :: _reasonsToNotScheduleUpdates :: line 243"  data: no]
DevTools listening on ws://localhost:50908/devtools/browser/db3ec920-7880-3c47-900a-248cdbfd2724
1638083569485	Marionette	INFO	Listening on port 50916
1638083569573	RemoteAgent	WARN	TLS certificate errors will be ignored for this session
1638083577713	Marionette	INFO	Stopped listening on port 50916

###!!! [Parent][RunMessage] Error: Channel closing: too late to send/recv, messages will be lost

